{
"contracts/NftMarketplace.sol":{"l":{"54":0,"55":0,"56":0,"58":0,"62":0,"63":0,"64":0,"66":0,"74":0,"75":0,"76":0,"77":0,"79":0,"116":0,"117":0,"119":0,"120":0,"121":0,"123":0,"124":0,"137":0,"138":0,"160":0,"161":0,"162":0,"164":0,"167":0,"168":0,"169":0,"189":0,"190":0,"192":0,"193":0,"200":0,"201":0,"202":0,"204":0,"205":0,"206":0,"218":0,"222":0},"path":"/home/debasis/Desktop/sem3/blockchain/project/nftmarketplace3/contracts/NftMarketplace.sol","s":{"1":0,"2":0,"3":0,"4":0,"5":0,"6":0,"7":0,"8":0,"9":0,"10":0,"11":0,"12":0,"13":0,"14":0,"15":0,"16":0,"17":0,"18":0,"19":0,"20":0,"21":0,"22":0,"23":0,"24":0},"b":{"1":[0,0],"2":[0,0],"3":[0,0],"4":[0,0],"5":[0,0],"6":[0,0],"7":[0,0],"8":[0,0],"9":[0,0],"10":[0,0],"11":[0,0],"12":[0,0],"13":[0,0],"14":[0,0],"15":[0,0],"16":[0,0],"17":[0,0],"18":[0,0]},"f":{"1":0,"2":0,"3":0,"4":0,"5":0,"6":0,"7":0,"8":0,"9":0,"10":0},"fnMap":{"1":{"name":"notListed","line":50,"loc":{"start":{"line":50,"column":4},"end":{"line":59,"column":4}}},"2":{"name":"isListed","line":61,"loc":{"start":{"line":61,"column":4},"end":{"line":67,"column":4}}},"3":{"name":"isOwner","line":69,"loc":{"start":{"line":69,"column":4},"end":{"line":80,"column":4}}},"4":{"name":"listItem","line":114,"loc":{"start":{"line":107,"column":4},"end":{"line":125,"column":4}}},"5":{"name":"cancelListing","line":135,"loc":{"start":{"line":132,"column":4},"end":{"line":139,"column":4}}},"6":{"name":"buyItem","line":154,"loc":{"start":{"line":149,"column":4},"end":{"line":170,"column":4}}},"7":{"name":"updateListing","line":186,"loc":{"start":{"line":178,"column":4},"end":{"line":194,"column":4}}},"8":{"name":"withdrawProceeds","line":199,"loc":{"start":{"line":199,"column":4},"end":{"line":207,"column":4}}},"9":{"name":"getListing","line":213,"loc":{"start":{"line":213,"column":4},"end":{"line":219,"column":4}}},"10":{"name":"getProceeds","line":221,"loc":{"start":{"line":221,"column":4},"end":{"line":223,"column":4}}}},"statementMap":{"1":{"start":{"line":54,"column":8},"end":{"line":54,"column":64}},"2":{"start":{"line":55,"column":8},"end":{"line":55,"column":1440}},"3":{"start":{"line":62,"column":8},"end":{"line":62,"column":64}},"4":{"start":{"line":63,"column":8},"end":{"line":63,"column":1683}},"5":{"start":{"line":74,"column":8},"end":{"line":74,"column":41}},"6":{"start":{"line":75,"column":8},"end":{"line":75,"column":44}},"7":{"start":{"line":76,"column":8},"end":{"line":76,"column":1992}},"8":{"start":{"line":116,"column":8},"end":{"line":116,"column":3016}},"9":{"start":{"line":119,"column":8},"end":{"line":119,"column":41}},"10":{"start":{"line":120,"column":8},"end":{"line":120,"column":3138}},"11":{"start":{"line":124,"column":8},"end":{"line":124,"column":63}},"12":{"start":{"line":138,"column":8},"end":{"line":138,"column":58}},"13":{"start":{"line":160,"column":8},"end":{"line":160,"column":67}},"14":{"start":{"line":161,"column":8},"end":{"line":161,"column":4703}},"15":{"start":{"line":168,"column":8},"end":{"line":168,"column":83}},"16":{"start":{"line":169,"column":8},"end":{"line":169,"column":74}},"17":{"start":{"line":189,"column":8},"end":{"line":189,"column":5767}},"18":{"start":{"line":193,"column":8},"end":{"line":193,"column":66}},"19":{"start":{"line":200,"column":8},"end":{"line":200,"column":49}},"20":{"start":{"line":201,"column":8},"end":{"line":201,"column":6149}},"21":{"start":{"line":205,"column":8},"end":{"line":205,"column":72}},"22":{"start":{"line":206,"column":8},"end":{"line":206,"column":42}},"23":{"start":{"line":218,"column":8},"end":{"line":218,"column":46}},"24":{"start":{"line":222,"column":8},"end":{"line":222,"column":33}}},"branchMap":{"1":{"line":55,"type":"if","locations":[{"start":{"line":55,"column":8},"end":{"line":55,"column":8}},{"start":{"line":55,"column":8},"end":{"line":55,"column":8}}]},"2":{"line":63,"type":"if","locations":[{"start":{"line":63,"column":8},"end":{"line":63,"column":8}},{"start":{"line":63,"column":8},"end":{"line":63,"column":8}}]},"3":{"line":76,"type":"if","locations":[{"start":{"line":76,"column":8},"end":{"line":76,"column":8}},{"start":{"line":76,"column":8},"end":{"line":76,"column":8}}]},"4":{"line":113,"type":"if","locations":[{"start":{"line":113,"column":8},"end":{"line":113,"column":8}},{"start":{"line":113,"column":8},"end":{"line":113,"column":8}}]},"5":{"line":114,"type":"if","locations":[{"start":{"line":114,"column":8},"end":{"line":114,"column":8}},{"start":{"line":114,"column":8},"end":{"line":114,"column":8}}]},"6":{"line":116,"type":"if","locations":[{"start":{"line":116,"column":8},"end":{"line":116,"column":8}},{"start":{"line":116,"column":8},"end":{"line":116,"column":8}}]},"7":{"line":120,"type":"if","locations":[{"start":{"line":120,"column":8},"end":{"line":120,"column":8}},{"start":{"line":120,"column":8},"end":{"line":120,"column":8}}]},"8":{"line":134,"type":"if","locations":[{"start":{"line":134,"column":8},"end":{"line":134,"column":8}},{"start":{"line":134,"column":8},"end":{"line":134,"column":8}}]},"9":{"line":135,"type":"if","locations":[{"start":{"line":135,"column":8},"end":{"line":135,"column":8}},{"start":{"line":135,"column":8},"end":{"line":135,"column":8}}]},"10":{"line":152,"type":"if","locations":[{"start":{"line":152,"column":8},"end":{"line":152,"column":8}},{"start":{"line":152,"column":8},"end":{"line":152,"column":8}}]},"11":{"line":154,"type":"if","locations":[{"start":{"line":154,"column":8},"end":{"line":154,"column":8}},{"start":{"line":154,"column":8},"end":{"line":154,"column":8}}]},"12":{"line":161,"type":"if","locations":[{"start":{"line":161,"column":8},"end":{"line":161,"column":8}},{"start":{"line":161,"column":8},"end":{"line":161,"column":8}}]},"13":{"line":184,"type":"if","locations":[{"start":{"line":184,"column":8},"end":{"line":184,"column":8}},{"start":{"line":184,"column":8},"end":{"line":184,"column":8}}]},"14":{"line":185,"type":"if","locations":[{"start":{"line":185,"column":8},"end":{"line":185,"column":8}},{"start":{"line":185,"column":8},"end":{"line":185,"column":8}}]},"15":{"line":186,"type":"if","locations":[{"start":{"line":186,"column":8},"end":{"line":186,"column":8}},{"start":{"line":186,"column":8},"end":{"line":186,"column":8}}]},"16":{"line":189,"type":"if","locations":[{"start":{"line":189,"column":8},"end":{"line":189,"column":8}},{"start":{"line":189,"column":8},"end":{"line":189,"column":8}}]},"17":{"line":201,"type":"if","locations":[{"start":{"line":201,"column":8},"end":{"line":201,"column":8}},{"start":{"line":201,"column":8},"end":{"line":201,"column":8}}]},"18":{"line":206,"type":"if","locations":[{"start":{"line":206,"column":8},"end":{"line":206,"column":8}},{"start":{"line":206,"column":8},"end":{"line":206,"column":8}}]}}},
"contracts/test/BasicNftTwo.sol":{"l":{"13":6,"17":3,"18":3,"19":3,"23":1,"24":1,"28":2},"path":"/home/debasis/Desktop/sem3/blockchain/project/nftmarketplace3/contracts/test/BasicNftTwo.sol","s":{"1":3,"2":3,"3":1,"4":1,"5":2},"b":{"1":[1,0]},"f":{"1":6,"2":3,"3":1,"4":2},"fnMap":{"1":{"name":"constructor","line":12,"loc":{"start":{"line":12,"column":4},"end":{"line":14,"column":4}}},"2":{"name":"mintNft","line":16,"loc":{"start":{"line":16,"column":4},"end":{"line":20,"column":4}}},"3":{"name":"tokenURI","line":22,"loc":{"start":{"line":22,"column":4},"end":{"line":25,"column":4}}},"4":{"name":"getTokenCounter","line":27,"loc":{"start":{"line":27,"column":4},"end":{"line":29,"column":4}}}},"statementMap":{"1":{"start":{"line":17,"column":8},"end":{"line":17,"column":44}},"2":{"start":{"line":18,"column":8},"end":{"line":18,"column":38}},"3":{"start":{"line":23,"column":8},"end":{"line":23,"column":83}},"4":{"start":{"line":24,"column":8},"end":{"line":24,"column":24}},"5":{"start":{"line":28,"column":8},"end":{"line":28,"column":29}}},"branchMap":{"1":{"line":23,"type":"if","locations":[{"start":{"line":23,"column":8},"end":{"line":23,"column":8}},{"start":{"line":23,"column":8},"end":{"line":23,"column":8}}]}}}}
