TN:
SF:/home/debasis/Desktop/sem3/blockchain/project/nftmarketplace3/contracts/NftMarketplace.sol
FN:50,notListed
FN:61,isListed
FN:69,isOwner
FN:114,listItem
FN:135,cancelListing
FN:154,buyItem
FN:186,updateListing
FN:199,withdrawProceeds
FN:213,getListing
FN:221,getProceeds
FNF:10
FNH:0
FNDA:0,notListed
FNDA:0,isListed
FNDA:0,isOwner
FNDA:0,listItem
FNDA:0,cancelListing
FNDA:0,buyItem
FNDA:0,updateListing
FNDA:0,withdrawProceeds
FNDA:0,getListing
FNDA:0,getProceeds
DA:54,0
DA:55,0
DA:56,0
DA:58,0
DA:62,0
DA:63,0
DA:64,0
DA:66,0
DA:74,0
DA:75,0
DA:76,0
DA:77,0
DA:79,0
DA:116,0
DA:117,0
DA:119,0
DA:120,0
DA:121,0
DA:123,0
DA:124,0
DA:137,0
DA:138,0
DA:160,0
DA:161,0
DA:162,0
DA:164,0
DA:167,0
DA:168,0
DA:169,0
DA:189,0
DA:190,0
DA:192,0
DA:193,0
DA:200,0
DA:201,0
DA:202,0
DA:204,0
DA:205,0
DA:206,0
DA:218,0
DA:222,0
LF:41
LH:0
BRDA:55,1,0,0
BRDA:55,1,1,0
BRDA:63,2,0,0
BRDA:63,2,1,0
BRDA:76,3,0,0
BRDA:76,3,1,0
BRDA:113,4,0,0
BRDA:113,4,1,0
BRDA:114,5,0,0
BRDA:114,5,1,0
BRDA:116,6,0,0
BRDA:116,6,1,0
BRDA:120,7,0,0
BRDA:120,7,1,0
BRDA:134,8,0,0
BRDA:134,8,1,0
BRDA:135,9,0,0
BRDA:135,9,1,0
BRDA:152,10,0,0
BRDA:152,10,1,0
BRDA:154,11,0,0
BRDA:154,11,1,0
BRDA:161,12,0,0
BRDA:161,12,1,0
BRDA:184,13,0,0
BRDA:184,13,1,0
BRDA:185,14,0,0
BRDA:185,14,1,0
BRDA:186,15,0,0
BRDA:186,15,1,0
BRDA:189,16,0,0
BRDA:189,16,1,0
BRDA:201,17,0,0
BRDA:201,17,1,0
BRDA:206,18,0,0
BRDA:206,18,1,0
BRF:36
BRH:0
end_of_record
TN:
SF:/home/debasis/Desktop/sem3/blockchain/project/nftmarketplace3/contracts/test/BasicNftTwo.sol
FN:12,constructor
FN:16,mintNft
FN:22,tokenURI
FN:27,getTokenCounter
FNF:4
FNH:4
FNDA:6,constructor
FNDA:3,mintNft
FNDA:1,tokenURI
FNDA:2,getTokenCounter
DA:13,6
DA:17,3
DA:18,3
DA:19,3
DA:23,1
DA:24,1
DA:28,2
LF:7
LH:7
BRDA:23,1,0,1
BRDA:23,1,1,0
BRF:2
BRH:1
end_of_record
